<?xml version="1.0" encoding="UTF-8"?>
<!-- Generated by org.testng.reporters.JUnitXMLReporter -->
<testsuite ignored="2" hostname="MacBook-Pro-pro.local" failures="0" tests="2" name="Surefire test" time="27.966" errors="0" timestamp="2021-09-15T16:18:46 EEST">
  <testcase classname="tests.Test2_Register" name="@AfterTest afterTest" time="0.002">
    <failure type="java.lang.NullPointerException" message="Cannot invoke &amp;quot;org.openqa.selenium.WebDriver.quit()&amp;quot; because &amp;quot;this.driver&amp;quot; is null">
      <![CDATA[java.lang.NullPointerException: Cannot invoke "org.openqa.selenium.WebDriver.quit()" because "this.driver" is null
at tests.Test2_Register.afterTest(Test2_Register.java:29)
... Removed 28 stack frames]]>
    </failure>
  </testcase> <!-- @AfterTest afterTest -->
  <testcase classname="tests.Test1_Auth" name="successfulSignInFlow" time="12.987"/>
  <testcase classname="tests.Test2_Register" name="successfulSignUpFlow" time="11.12"/>
  <testcase classname="tests.BaseTest" name="@BeforeTest beforeTest" time="0.0">
    <ignored/>
  </testcase> <!-- @BeforeTest beforeTest -->
  <testcase classname="tests.BaseTest" name="@BeforeTest beforeTest" time="0.0">
    <ignored/>
  </testcase> <!-- @BeforeTest beforeTest -->
</testsuite> <!-- Surefire test -->
