<?xml version="1.0" encoding="UTF-8"?>
<testng-results ignored="2" total="4" passed="2" failed="0" skipped="0">
  <reporter-output>
  </reporter-output>
  <suite started-at="2021-09-15T16:18:18 EEST" name="Surefire suite" finished-at="2021-09-15T16:18:46 EEST" duration-ms="27966">
    <groups>
    </groups>
    <test started-at="2021-09-15T16:18:18 EEST" name="Surefire test" finished-at="2021-09-15T16:18:46 EEST" duration-ms="27966">
      <class name="tests.Test2_Register">
        <test-method signature="successfulSignUpFlow()[pri:0, instance:tests.Test2_Register@7ea4d397]" started-at="2021-09-15T16:18:35 EEST" name="successfulSignUpFlow" finished-at="2021-09-15T16:18:46 EEST" duration-ms="11120" status="PASS">
          <reporter-output>
          </reporter-output>
        </test-method> <!-- successfulSignUpFlow -->
        <test-method is-config="true" signature="afterTest()[pri:0, instance:tests.Test2_Register@7ea4d397]" started-at="2021-09-15T16:18:46 EEST" name="afterTest" finished-at="2021-09-15T16:18:46 EEST" duration-ms="2" status="FAIL">
          <exception class="java.lang.NullPointerException">
            <message>
              <![CDATA[Cannot invoke "org.openqa.selenium.WebDriver.quit()" because "this.driver" is null]]>
            </message>
            <full-stacktrace>
              <![CDATA[java.lang.NullPointerException: Cannot invoke "org.openqa.selenium.WebDriver.quit()" because "this.driver" is null
at tests.Test2_Register.afterTest(Test2_Register.java:29)
at java.base/jdk.internal.reflect.NativeMethodAccessorImpl.invoke0(Native Method)
at java.base/jdk.internal.reflect.NativeMethodAccessorImpl.invoke(NativeMethodAccessorImpl.java:78)
at java.base/jdk.internal.reflect.DelegatingMethodAccessorImpl.invoke(DelegatingMethodAccessorImpl.java:43)
at java.base/java.lang.reflect.Method.invoke(Method.java:567)
at org.testng.internal.MethodInvocationHelper.invokeMethod(MethodInvocationHelper.java:133)
at org.testng.internal.MethodInvocationHelper.invokeMethodConsideringTimeout(MethodInvocationHelper.java:62)
at org.testng.internal.ConfigInvoker.invokeConfigurationMethod(ConfigInvoker.java:385)
at org.testng.internal.ConfigInvoker.invokeConfigurations(ConfigInvoker.java:321)
at org.testng.TestRunner.invokeTestConfigurations(TestRunner.java:637)
at org.testng.TestRunner.afterRun(TestRunner.java:877)
at org.testng.TestRunner.run(TestRunner.java:599)
at org.testng.SuiteRunner.runTest(SuiteRunner.java:377)
at org.testng.SuiteRunner.runSequentially(SuiteRunner.java:371)
at org.testng.SuiteRunner.privateRun(SuiteRunner.java:332)
at org.testng.SuiteRunner.run(SuiteRunner.java:276)
at org.testng.SuiteRunnerWorker.runSuite(SuiteRunnerWorker.java:53)
at org.testng.SuiteRunnerWorker.run(SuiteRunnerWorker.java:96)
at org.testng.TestNG.runSuitesSequentially(TestNG.java:1212)
at org.testng.TestNG.runSuitesLocally(TestNG.java:1134)
at org.testng.TestNG.runSuites(TestNG.java:1063)
at org.testng.TestNG.run(TestNG.java:1031)
at org.apache.maven.surefire.testng.TestNGExecutor.run(TestNGExecutor.java:135)
at org.apache.maven.surefire.testng.TestNGDirectoryTestSuite.executeMulti(TestNGDirectoryTestSuite.java:193)
at org.apache.maven.surefire.testng.TestNGDirectoryTestSuite.execute(TestNGDirectoryTestSuite.java:94)
at org.apache.maven.surefire.testng.TestNGProvider.invoke(TestNGProvider.java:146)
at org.apache.maven.surefire.booter.ForkedBooter.invokeProviderInSameClassLoader(ForkedBooter.java:386)
at org.apache.maven.surefire.booter.ForkedBooter.runSuitesInProcess(ForkedBooter.java:323)
at org.apache.maven.surefire.booter.ForkedBooter.main(ForkedBooter.java:143)
]]>
            </full-stacktrace>
          </exception> <!-- java.lang.NullPointerException -->
          <reporter-output>
          </reporter-output>
        </test-method> <!-- afterTest -->
      </class> <!-- tests.Test2_Register -->
      <class name="tests.Test1_Auth">
        <test-method is-config="true" signature="beforeTest()[pri:0, instance:tests.Test1_Auth@606fc505]" started-at="2021-09-15T16:18:18 EEST" name="beforeTest" finished-at="2021-09-15T16:18:22 EEST" duration-ms="3611" status="PASS">
          <reporter-output>
          </reporter-output>
        </test-method> <!-- beforeTest -->
        <test-method signature="successfulSignInFlow()[pri:0, instance:tests.Test1_Auth@606fc505]" started-at="2021-09-15T16:18:22 EEST" name="successfulSignInFlow" finished-at="2021-09-15T16:18:35 EEST" duration-ms="12987" status="PASS">
          <reporter-output>
          </reporter-output>
        </test-method> <!-- successfulSignInFlow -->
      </class> <!-- tests.Test1_Auth -->
    </test> <!-- Surefire test -->
  </suite> <!-- Surefire suite -->
</testng-results>
