<?xml version="1.0" encoding="UTF-8"?>
<testsuite xmlns:xsi="http://www.w3.org/2001/XMLSchema-instance" xsi:noNamespaceSchemaLocation="https://maven.apache.org/surefire/maven-surefire-plugin/xsd/surefire-test-report.xsd" name="TestSuite" time="29.332" tests="3" errors="0" skipped="0" failures="1">
  <properties>
[...]
</properties>
  <testcase name="successfulSignInFlow" classname="tests.Test1_Auth" time="12.889"/>
  <testcase name="successfulSignUpFlow" classname="tests.Test2_Register" time="11.119"/>
  <testcase name="afterTest" classname="tests.Test2_Register" time="11.134">
    <failure message="Cannot invoke &quot;org.openqa.selenium.WebDriver.quit()&quot; because &quot;this.driver&quot; is null" type="java.lang.NullPointerException">java.lang.NullPointerException: Cannot invoke "org.openqa.selenium.WebDriver.quit()" because "this.driver" is null
	at tests.Test2_Register.afterTest(Test2_Register.java:29)
</failure>
  </testcase>
</testsuite>